[0m15:25:55.201900 [debug] [MainThread]: Sending event: {'category': 'dbt', 'action': 'invocation', 'label': 'start', 'context': [<snowplow_tracker.self_describing_json.SelfDescribingJson object at 0x10434c790>, <snowplow_tracker.self_describing_json.SelfDescribingJson object at 0x1043550d0>, <snowplow_tracker.self_describing_json.SelfDescribingJson object at 0x104347ad0>]}


============================== 15:25:55.204971 | cdc23633-9971-40a9-9106-c3c05b6977de ==============================
[0m15:25:55.204971 [info ] [MainThread]: Running with dbt=1.5.3
[0m15:25:55.205249 [debug] [MainThread]: running dbt with arguments {'printer_width': '80', 'indirect_selection': 'eager', 'write_json': 'True', 'log_cache_events': 'False', 'partial_parse': 'True', 'cache_selected_only': 'False', 'profiles_dir': '/Users/desmondmolloy/.dbt', 'version_check': 'True', 'warn_error': 'None', 'log_path': 'logs', 'fail_fast': 'False', 'debug': 'False', 'use_colors': 'True', 'use_experimental_parser': 'False', 'no_print': 'None', 'quiet': 'False', 'log_format': 'default', 'static_parser': 'True', 'warn_error_options': 'WarnErrorOptions(include=[], exclude=[])', 'introspect': 'True', 'target_path': 'None', 'send_anonymous_usage_stats': 'True'}
[0m15:25:55.205775 [debug] [MainThread]: Starter project path: /Users/desmondmolloy/anaconda3/lib/python3.11/site-packages/dbt/include/starter_project
[0m15:26:15.425005 [debug] [MainThread]: Command `dbt init` succeeded at 15:26:15.424650 after 20.25 seconds
[0m15:26:15.426448 [debug] [MainThread]: Sending event: {'category': 'dbt', 'action': 'invocation', 'label': 'end', 'context': [<snowplow_tracker.self_describing_json.SelfDescribingJson object at 0x100b92a90>, <snowplow_tracker.self_describing_json.SelfDescribingJson object at 0x100c21010>, <snowplow_tracker.self_describing_json.SelfDescribingJson object at 0x100c21050>]}
[0m15:26:15.426979 [debug] [MainThread]: Flushing usage events
[0m15:57:00.393681 [debug] [MainThread]: Sending event: {'category': 'dbt', 'action': 'invocation', 'label': 'start', 'context': [<snowplow_tracker.self_describing_json.SelfDescribingJson object at 0x1043ab810>, <snowplow_tracker.self_describing_json.SelfDescribingJson object at 0x1043c7fd0>, <snowplow_tracker.self_describing_json.SelfDescribingJson object at 0x1043c7610>]}


============================== 15:57:00.396113 | fe0e5668-15db-487f-af1b-567f4550a142 ==============================
[0m15:57:00.396113 [info ] [MainThread]: Running with dbt=1.5.3
[0m15:57:00.396383 [debug] [MainThread]: running dbt with arguments {'printer_width': '80', 'indirect_selection': 'eager', 'log_cache_events': 'False', 'write_json': 'True', 'partial_parse': 'True', 'cache_selected_only': 'False', 'warn_error': 'None', 'version_check': 'True', 'fail_fast': 'False', 'log_path': 'logs', 'profiles_dir': '/Users/desmondmolloy/.dbt', 'debug': 'False', 'use_colors': 'True', 'use_experimental_parser': 'False', 'no_print': 'None', 'quiet': 'False', 'warn_error_options': 'WarnErrorOptions(include=[], exclude=[])', 'introspect': 'True', 'static_parser': 'True', 'log_format': 'default', 'target_path': 'None', 'send_anonymous_usage_stats': 'True'}
[0m15:57:00.396879 [debug] [MainThread]: Starter project path: /Users/desmondmolloy/anaconda3/lib/python3.11/site-packages/dbt/include/starter_project
[0m15:57:14.260254 [info ] [MainThread]: Profile dbt_finalcheck written to /Users/desmondmolloy/.dbt/profiles.yml using target's profile_template.yml and your supplied values. Run 'dbt debug' to validate the connection.
[0m15:57:14.261018 [info ] [MainThread]: 
Your new dbt project "dbt_finalcheck" was created!

For more information on how to configure the profiles.yml file,
please consult the dbt documentation here:

  https://docs.getdbt.com/docs/configure-your-profile

One more thing:

Need help? Don't hesitate to reach out to us via GitHub issues or on Slack:

  https://community.getdbt.com/

Happy modeling!

[0m15:57:14.261591 [debug] [MainThread]: Command `dbt init` succeeded at 15:57:14.261478 after 13.89 seconds
[0m15:57:14.261926 [debug] [MainThread]: Sending event: {'category': 'dbt', 'action': 'invocation', 'label': 'end', 'context': [<snowplow_tracker.self_describing_json.SelfDescribingJson object at 0x1043ea1d0>, <snowplow_tracker.self_describing_json.SelfDescribingJson object at 0x1043e8b90>, <snowplow_tracker.self_describing_json.SelfDescribingJson object at 0x100eceb90>]}
[0m15:57:14.262336 [debug] [MainThread]: Flushing usage events
